e:\qt_project\qt_and_ffmpeg\xplay\debug\vc120.pdb
e:\qt_project\qt_and_ffmpeg\xplay\debug\xvideothread.obj
e:\qt_project\qt_and_ffmpeg\xplay\debug\xffmpeg.obj
e:\qt_project\qt_and_ffmpeg\xplay\debug\videowidget.obj
e:\qt_project\qt_and_ffmpeg\xplay\debug\main.obj
e:\qt_project\qt_and_ffmpeg\xplay\debug\moc_xplay.obj
e:\qt_project\qt_and_ffmpeg\xplay\debug\qrc_xplay.obj
e:\qt_project\qt_and_ffmpeg\xplay\debug\xplay.obj
e:\qt_project\qt_and_ffmpeg\xplay\generatedfiles\debug\moc_xplay.cpp
e:\qt_project\qt_and_ffmpeg\xplay\generatedfiles\qrc_xplay.cpp
e:\qt_project\qt_and_ffmpeg\xplay\generatedfiles\ui_xplay.h
e:\qt_project\qt_and_ffmpeg\bin\xplay.ilk
e:\qt_project\qt_and_ffmpeg\bin\xplay.exe
e:\qt_project\qt_and_ffmpeg\bin\xplay.pdb
e:\qt_project\qt_and_ffmpeg\xplay\debug\xplay.res
e:\qt_project\qt_and_ffmpeg\xplay\..\bin\xplay.pdb
e:\qt_project\qt_and_ffmpeg\xplay\..\bin\xplay.exe
e:\qt_project\qt_and_ffmpeg\xplay\..\bin\xplay.ilk
e:\qt_project\qt_and_ffmpeg\xplay\debug\xplay.tlog\cl.command.1.tlog
e:\qt_project\qt_and_ffmpeg\xplay\debug\xplay.tlog\cl.read.1.tlog
e:\qt_project\qt_and_ffmpeg\xplay\debug\xplay.tlog\cl.write.1.tlog
e:\qt_project\qt_and_ffmpeg\xplay\debug\xplay.tlog\custombuild.command.1.tlog
e:\qt_project\qt_and_ffmpeg\xplay\debug\xplay.tlog\custombuild.read.1.tlog
e:\qt_project\qt_and_ffmpeg\xplay\debug\xplay.tlog\custombuild.write.1.tlog
e:\qt_project\qt_and_ffmpeg\xplay\debug\xplay.tlog\link.command.1.tlog
e:\qt_project\qt_and_ffmpeg\xplay\debug\xplay.tlog\link.read.1.tlog
e:\qt_project\qt_and_ffmpeg\xplay\debug\xplay.tlog\link.write.1.tlog
e:\qt_project\qt_and_ffmpeg\xplay\debug\xplay.tlog\rc.command.1.tlog
e:\qt_project\qt_and_ffmpeg\xplay\debug\xplay.tlog\rc.read.1.tlog
e:\qt_project\qt_and_ffmpeg\xplay\debug\xplay.tlog\rc.write.1.tlog
